{
  "stats": {
    "suites": 1,
    "tests": 4,
    "passes": 4,
    "pending": 0,
    "failures": 0,
    "start": "2020-11-03T10:53:09.004Z",
    "end": "2020-11-03T10:53:11.354Z",
    "duration": 2350,
    "testsRegistered": 4,
    "passPercent": 100,
    "pendingPercent": 0,
    "other": 0,
    "hasOther": false,
    "skipped": 0,
    "hasSkipped": false
  },
  "results": [
    {
      "uuid": "a1b5cdd2-b4d1-4bfa-988e-dad1d82e07be",
      "title": "",
      "fullFile": "cypress/integration/test.spec.js",
      "file": "cypress/integration/test.spec.js",
      "beforeHooks": [],
      "afterHooks": [],
      "tests": [],
      "suites": [
        {
          "uuid": "6c6b18b0-247e-46e3-94b7-c03dd9cf51fa",
          "title": "Login page",
          "fullFile": "",
          "file": "",
          "beforeHooks": [],
          "afterHooks": [],
          "tests": [
            {
              "title": "Focus on input form",
              "fullTitle": "Login page Focus on input form",
              "timedOut": null,
              "duration": 337,
              "state": "passed",
              "speed": "slow",
              "pass": true,
              "fail": false,
              "pending": false,
              "context": null,
              "code": "cy.focused().should('have.class', 'login__modal__input');",
              "err": {},
              "uuid": "5686977f-7ca1-4961-b909-e8c1282c7672",
              "parentUUID": "6c6b18b0-247e-46e3-94b7-c03dd9cf51fa",
              "isHook": false,
              "skipped": false
            },
            {
              "title": "Test login",
              "fullTitle": "Login page Test login",
              "timedOut": null,
              "duration": 344,
              "state": "passed",
              "speed": "slow",
              "pass": true,
              "fail": false,
              "pending": false,
              "context": null,
              "code": "cy.login('data');",
              "err": {},
              "uuid": "e0c35b9c-fe7d-4c8a-b713-cfb15c45b5e0",
              "parentUUID": "6c6b18b0-247e-46e3-94b7-c03dd9cf51fa",
              "isHook": false,
              "skipped": false
            },
            {
              "title": "Test login error handling",
              "fullTitle": "Login page Test login error handling",
              "timedOut": null,
              "duration": 469,
              "state": "passed",
              "speed": "slow",
              "pass": true,
              "fail": false,
              "pending": false,
              "context": null,
              "code": "cy.login('shouldNotExist');\ncy.get('#toastContainer').should('have.text', 'User not found! Please register a user');",
              "err": {},
              "uuid": "d6083e20-0ff5-4657-9083-227a64177169",
              "parentUUID": "6c6b18b0-247e-46e3-94b7-c03dd9cf51fa",
              "isHook": false,
              "skipped": false
            },
            {
              "title": "Register",
              "fullTitle": "Login page Register",
              "timedOut": null,
              "duration": 337,
              "state": "passed",
              "speed": "slow",
              "pass": true,
              "fail": false,
              "pending": false,
              "context": null,
              "code": "cy.get('.login__modal__input').type('ruben');\ncy.get('.login__modal__btnContainer').contains('Register').click();",
              "err": {},
              "uuid": "47e025ea-850b-4977-8972-f607141e6ec5",
              "parentUUID": "6c6b18b0-247e-46e3-94b7-c03dd9cf51fa",
              "isHook": false,
              "skipped": false
            }
          ],
          "suites": [],
          "passes": [
            "5686977f-7ca1-4961-b909-e8c1282c7672",
            "e0c35b9c-fe7d-4c8a-b713-cfb15c45b5e0",
            "d6083e20-0ff5-4657-9083-227a64177169",
            "47e025ea-850b-4977-8972-f607141e6ec5"
          ],
          "failures": [],
          "pending": [],
          "skipped": [],
          "duration": 1487,
          "root": false,
          "rootEmpty": false,
          "_timeout": 2000
        }
      ],
      "passes": [],
      "failures": [],
      "pending": [],
      "skipped": [],
      "duration": 0,
      "root": true,
      "rootEmpty": true,
      "_timeout": 2000
    }
  ],
  "meta": {
    "mocha": {
      "version": "7.0.1"
    },
    "mochawesome": {
      "options": {
        "quiet": true,
        "reportFilename": "mochawesome",
        "saveHtml": false,
        "saveJson": true,
        "consoleReporter": "spec",
        "useInlineDiffs": false,
        "code": true
      },
      "version": "6.2.1"
    },
    "marge": {
      "options": {
        "reportDir": "cypress/results/json",
        "overwrite": false,
        "html": false,
        "json": true,
        "quiet": true,
        "reportTitle": "Front end tests"
      },
      "version": "5.1.0"
    }
  }
}