{
  "stats": {
    "suites": 1,
    "tests": 1,
    "passes": 1,
    "pending": 0,
    "failures": 0,
    "start": "2020-11-03T10:52:40.794Z",
    "end": "2020-11-03T10:52:42.463Z",
    "duration": 1669,
    "testsRegistered": 1,
    "passPercent": 100,
    "pendingPercent": 0,
    "other": 0,
    "hasOther": false,
    "skipped": 0,
    "hasSkipped": false
  },
  "results": [
    {
      "uuid": "1f604b2f-6807-4f9d-afb1-b520d0d32fda",
      "title": "",
      "fullFile": "cypress/integration/logout.spec.js",
      "file": "cypress/integration/logout.spec.js",
      "beforeHooks": [],
      "afterHooks": [],
      "tests": [],
      "suites": [
        {
          "uuid": "9c251f3d-7a2c-4aaa-84af-7cfb1867751e",
          "title": "Logout page",
          "fullFile": "",
          "file": "",
          "beforeHooks": [],
          "afterHooks": [],
          "tests": [
            {
              "title": "Logout",
              "fullTitle": "Logout page Logout",
              "timedOut": null,
              "duration": 800,
              "state": "passed",
              "speed": "slow",
              "pass": true,
              "fail": false,
              "pending": false,
              "context": null,
              "code": "cy.login('data');\ncy.contains('Settings').click();\ncy.get('button').click();\ncy.get('.login__modal').should('have.class', 'login__modal');",
              "err": {},
              "uuid": "4cd2e67c-1bf6-4610-8fe7-60dc872d6813",
              "parentUUID": "9c251f3d-7a2c-4aaa-84af-7cfb1867751e",
              "isHook": false,
              "skipped": false
            }
          ],
          "suites": [],
          "passes": [
            "4cd2e67c-1bf6-4610-8fe7-60dc872d6813"
          ],
          "failures": [],
          "pending": [],
          "skipped": [],
          "duration": 800,
          "root": false,
          "rootEmpty": false,
          "_timeout": 2000
        }
      ],
      "passes": [],
      "failures": [],
      "pending": [],
      "skipped": [],
      "duration": 0,
      "root": true,
      "rootEmpty": true,
      "_timeout": 2000
    }
  ],
  "meta": {
    "mocha": {
      "version": "7.0.1"
    },
    "mochawesome": {
      "options": {
        "quiet": true,
        "reportFilename": "mochawesome",
        "saveHtml": false,
        "saveJson": true,
        "consoleReporter": "spec",
        "useInlineDiffs": false,
        "code": true
      },
      "version": "6.2.1"
    },
    "marge": {
      "options": {
        "reportDir": "cypress/results/json",
        "overwrite": false,
        "html": false,
        "json": true,
        "quiet": true,
        "reportTitle": "Front end tests"
      },
      "version": "5.1.0"
    }
  }
}