{
  "stats": {
    "suites": 1,
    "tests": 3,
    "passes": 3,
    "pending": 0,
    "failures": 0,
    "start": "2020-11-03T10:42:35.050Z",
    "end": "2020-11-03T10:42:38.516Z",
    "duration": 3466,
    "testsRegistered": 3,
    "passPercent": 100,
    "pendingPercent": 0,
    "other": 0,
    "hasOther": false,
    "skipped": 0,
    "hasSkipped": false
  },
  "results": [
    {
      "uuid": "2971f69d-b5e7-4182-9b28-8eb0813cd79e",
      "title": "",
      "fullFile": "cypress/integration/fridge.spec.js",
      "file": "cypress/integration/fridge.spec.js",
      "beforeHooks": [],
      "afterHooks": [],
      "tests": [],
      "suites": [
        {
          "uuid": "1f494bea-6380-4f03-801f-86b5a55519c3",
          "title": "Add item to fridge",
          "fullFile": "",
          "file": "",
          "beforeHooks": [],
          "afterHooks": [],
          "tests": [
            {
              "title": "Focus on input form",
              "fullTitle": "Add item to fridge Focus on input form",
              "timedOut": null,
              "duration": 540,
              "state": "passed",
              "speed": "slow",
              "pass": true,
              "fail": false,
              "pending": false,
              "context": null,
              "code": "cy.focused().should('have.class', 'login__modal__input');",
              "err": {},
              "uuid": "d76968a2-ff8e-4aa5-a439-a59bb5e49ae1",
              "parentUUID": "1f494bea-6380-4f03-801f-86b5a55519c3",
              "isHook": false,
              "skipped": false
            },
            {
              "title": "Login",
              "fullTitle": "Add item to fridge Login",
              "timedOut": null,
              "duration": 1054,
              "state": "passed",
              "speed": "slow",
              "pass": true,
              "fail": false,
              "pending": false,
              "context": null,
              "code": "cy.login('data');\ncy.contains('Fridge').click();\ncy.get('input[name=\"name\"]').type('flour');\ncy.get('input[name=\"quantity\"]').type('8');\ncy.get('select[name=\"unit\"]').select('dl');\ncy.get('button').contains('Add').click();\ncy.get('.item').contains('8dl flour');",
              "err": {},
              "uuid": "6dd839dd-e980-4d24-97ab-80f62a411286",
              "parentUUID": "1f494bea-6380-4f03-801f-86b5a55519c3",
              "isHook": false,
              "skipped": false
            },
            {
              "title": "Test error handling",
              "fullTitle": "Add item to fridge Test error handling",
              "timedOut": null,
              "duration": 1009,
              "state": "passed",
              "speed": "slow",
              "pass": true,
              "fail": false,
              "pending": false,
              "context": null,
              "code": "cy.login('data');\ncy.contains('Fridge').click();\ncy.get('input[name=\"name\"]').type('12345');\ncy.get('input[name=\"quantity\"]').type('8');\ncy.get('select[name=\"unit\"]').select('dl');\ncy.get('button').contains('Add').click();\ncy.get('#toastContainer').should('have.text', 'Invalid ingredient name!');",
              "err": {},
              "uuid": "9cb5d9f1-7f35-4901-90d2-23c58fc19d7e",
              "parentUUID": "1f494bea-6380-4f03-801f-86b5a55519c3",
              "isHook": false,
              "skipped": false
            }
          ],
          "suites": [],
          "passes": [
            "d76968a2-ff8e-4aa5-a439-a59bb5e49ae1",
            "6dd839dd-e980-4d24-97ab-80f62a411286",
            "9cb5d9f1-7f35-4901-90d2-23c58fc19d7e"
          ],
          "failures": [],
          "pending": [],
          "skipped": [],
          "duration": 2603,
          "root": false,
          "rootEmpty": false,
          "_timeout": 2000
        }
      ],
      "passes": [],
      "failures": [],
      "pending": [],
      "skipped": [],
      "duration": 0,
      "root": true,
      "rootEmpty": true,
      "_timeout": 2000
    }
  ],
  "meta": {
    "mocha": {
      "version": "7.0.1"
    },
    "mochawesome": {
      "options": {
        "quiet": false,
        "reportFilename": "mochawesome",
        "saveHtml": false,
        "saveJson": true,
        "consoleReporter": "spec",
        "useInlineDiffs": false,
        "code": true
      },
      "version": "6.2.1"
    },
    "marge": {
      "options": {
        "reportDir": "cypress/results/json",
        "overwrite": false,
        "html": false,
        "json": true,
        "reportTitle": "Front end tests"
      },
      "version": "5.1.0"
    }
  }
}