{
  "stats": {
    "suites": 1,
    "tests": 3,
    "passes": 3,
    "pending": 0,
    "failures": 0,
    "start": "2020-11-03T10:52:36.387Z",
    "end": "2020-11-03T10:52:39.793Z",
    "duration": 3406,
    "testsRegistered": 3,
    "passPercent": 100,
    "pendingPercent": 0,
    "other": 0,
    "hasOther": false,
    "skipped": 0,
    "hasSkipped": false
  },
  "results": [
    {
      "uuid": "0dae020f-673c-4829-b9bd-261a1847aa52",
      "title": "",
      "fullFile": "cypress/integration/fridge.spec.js",
      "file": "cypress/integration/fridge.spec.js",
      "beforeHooks": [],
      "afterHooks": [],
      "tests": [],
      "suites": [
        {
          "uuid": "e7a7017c-89f8-4df1-b9dd-dec770c64ceb",
          "title": "Fridge page",
          "fullFile": "",
          "file": "",
          "beforeHooks": [],
          "afterHooks": [],
          "tests": [
            {
              "title": "Focus on input form",
              "fullTitle": "Fridge page Focus on input form",
              "timedOut": null,
              "duration": 510,
              "state": "passed",
              "speed": "slow",
              "pass": true,
              "fail": false,
              "pending": false,
              "context": null,
              "code": "cy.focused().should('have.class', 'login__modal__input');",
              "err": {},
              "uuid": "b9fa2fb2-b5f1-4dfb-90f9-4efb380574c5",
              "parentUUID": "e7a7017c-89f8-4df1-b9dd-dec770c64ceb",
              "isHook": false,
              "skipped": false
            },
            {
              "title": "Login",
              "fullTitle": "Fridge page Login",
              "timedOut": null,
              "duration": 1050,
              "state": "passed",
              "speed": "slow",
              "pass": true,
              "fail": false,
              "pending": false,
              "context": null,
              "code": "cy.login('data');\ncy.contains('Fridge').click();\ncy.get('input[name=\"name\"]').type('flour');\ncy.get('input[name=\"quantity\"]').type('8');\ncy.get('select[name=\"unit\"]').select('dl');\ncy.get('button').contains('Add').click();\ncy.get('.item').contains('8dl flour');",
              "err": {},
              "uuid": "11efdc05-207b-4f18-b18e-66eb3eafc9ac",
              "parentUUID": "e7a7017c-89f8-4df1-b9dd-dec770c64ceb",
              "isHook": false,
              "skipped": false
            },
            {
              "title": "Test error handling",
              "fullTitle": "Fridge page Test error handling",
              "timedOut": null,
              "duration": 996,
              "state": "passed",
              "speed": "slow",
              "pass": true,
              "fail": false,
              "pending": false,
              "context": null,
              "code": "cy.login('data');\ncy.contains('Fridge').click();\ncy.get('input[name=\"name\"]').type('12345');\ncy.get('input[name=\"quantity\"]').type('8');\ncy.get('select[name=\"unit\"]').select('dl');\ncy.get('button').contains('Add').click();\ncy.get('#toastContainer').should('have.text', 'Invalid ingredient name!');",
              "err": {},
              "uuid": "57095309-47b9-4956-a86e-b32c5089423f",
              "parentUUID": "e7a7017c-89f8-4df1-b9dd-dec770c64ceb",
              "isHook": false,
              "skipped": false
            }
          ],
          "suites": [],
          "passes": [
            "b9fa2fb2-b5f1-4dfb-90f9-4efb380574c5",
            "11efdc05-207b-4f18-b18e-66eb3eafc9ac",
            "57095309-47b9-4956-a86e-b32c5089423f"
          ],
          "failures": [],
          "pending": [],
          "skipped": [],
          "duration": 2556,
          "root": false,
          "rootEmpty": false,
          "_timeout": 2000
        }
      ],
      "passes": [],
      "failures": [],
      "pending": [],
      "skipped": [],
      "duration": 0,
      "root": true,
      "rootEmpty": true,
      "_timeout": 2000
    }
  ],
  "meta": {
    "mocha": {
      "version": "7.0.1"
    },
    "mochawesome": {
      "options": {
        "quiet": true,
        "reportFilename": "mochawesome",
        "saveHtml": false,
        "saveJson": true,
        "consoleReporter": "spec",
        "useInlineDiffs": false,
        "code": true
      },
      "version": "6.2.1"
    },
    "marge": {
      "options": {
        "reportDir": "cypress/results/json",
        "overwrite": false,
        "html": false,
        "json": true,
        "quiet": true,
        "reportTitle": "Front end tests"
      },
      "version": "5.1.0"
    }
  }
}