{
  "stats": {
    "suites": 1,
    "tests": 3,
    "passes": 3,
    "pending": 0,
    "failures": 0,
    "start": "2020-11-03T10:42:42.429Z",
    "end": "2020-11-03T10:43:07.226Z",
    "duration": 24797,
    "testsRegistered": 3,
    "passPercent": 100,
    "pendingPercent": 0,
    "other": 0,
    "hasOther": false,
    "skipped": 0,
    "hasSkipped": false
  },
  "results": [
    {
      "uuid": "c527d24f-b1e0-40f4-b3a2-2f57ad242a39",
      "title": "",
      "fullFile": "cypress/integration/newRecipe.spec.js",
      "file": "cypress/integration/newRecipe.spec.js",
      "beforeHooks": [],
      "afterHooks": [],
      "tests": [],
      "suites": [
        {
          "uuid": "a7082958-0bdf-41a8-ba96-b7329cd2cb78",
          "title": "Login or register",
          "fullFile": "",
          "file": "",
          "beforeHooks": [],
          "afterHooks": [],
          "tests": [
            {
              "title": "Focus on input form",
              "fullTitle": "Login or register Focus on input form",
              "timedOut": null,
              "duration": 321,
              "state": "passed",
              "speed": "slow",
              "pass": true,
              "fail": false,
              "pending": false,
              "context": null,
              "code": "cy.focused().should('have.class', 'login__modal__input');",
              "err": {},
              "uuid": "11fb4131-8ba5-4554-bbc7-04c4a6c8c387",
              "parentUUID": "a7082958-0bdf-41a8-ba96-b7329cd2cb78",
              "isHook": false,
              "skipped": false
            },
            {
              "title": "Test error handling to add new recipe",
              "fullTitle": "Login or register Test error handling to add new recipe",
              "timedOut": null,
              "duration": 5713,
              "state": "passed",
              "speed": "slow",
              "pass": true,
              "fail": false,
              "pending": false,
              "context": null,
              "code": "cy.login('data');\ncy.contains('Recipes').click();\ncy.get('#titleNewRecipeLink').click();\ncy.get('input[name=\"name\"]').type('Test recipe');\ncy.get('input[name=\"estimatedTime\"]').type('20');\ncy.get('input[name=\"portions\"]').type('2.5');\ncy.get('textarea[name=\"description\"]').type('This recipe is a test');\ncy.get('#recipeForm').submit();\ncy.get('#toastContainer').should('have.text', 'You need to add instructions');\ncy.addInstruction('A instruction');\ncy.wait(3000);\ncy.get('#recipeForm').submit();\ncy.get('#toastContainer').should('have.text', 'You need to add ingredients');",
              "err": {},
              "uuid": "9685f01e-b845-4d40-8984-b06458b0e8fb",
              "parentUUID": "a7082958-0bdf-41a8-ba96-b7329cd2cb78",
              "isHook": false,
              "skipped": false
            },
            {
              "title": "Add new recipe",
              "fullTitle": "Login or register Add new recipe",
              "timedOut": null,
              "duration": 17807,
              "state": "passed",
              "speed": "slow",
              "pass": true,
              "fail": false,
              "pending": false,
              "context": null,
              "code": "cy.login('data');\ncy.contains('Recipes').click();\ncy.get('#titleNewRecipeLink').click(); // write recipe info\ncy.get('input[name=\"name\"]').type('Taco');\ncy.get('input[name=\"estimatedTime\"]').type('20');\ncy.get('input[name=\"portions\"]').type('2.5');\ncy.get('textarea[name=\"description\"]').type('A great Mexican dish, which happens to be quite popular in Norway, although the Norwegian taco is quite different'); // add ingredients\ncy.addIngredient('Minced meat', 400, 'gram');\ncy.addIngredient('Taco powder', 1, 'stk');\ncy.addIngredient('Grated cheese', 100, 'gram');\ncy.addIngredient('Salad', 1, 'stk');\ncy.addIngredient('Romme', 1, 'stk');\ncy.addIngredient('Tacosaus', 1, 'stk');\ncy.addIngredient('Beer', 3, 'liter'); // add an ingredient and check remove button\ncy.addIngredient('Ananas', 5, 'kg');\ncy.get('.ingredients').find('ol').last().find('div').last().click(); // add instructions\ncy.addInstruction('Cook the minced meat');\ncy.addInstruction('Add the powder and mix it');\ncy.addInstruction('Cut the salad');\ncy.addInstruction('Eat it as you like, and enjoy!'); // add an instruction and check remove button\ncy.addInstruction('If any leftovers, throw it');\ncy.get('.instructions').find('ol').last().find('div').last().click(); // uncomment when merged/updated\ncy.get('#recipeForm').submit();",
              "err": {},
              "uuid": "05fd324f-028f-4dd6-a68d-9350259617ac",
              "parentUUID": "a7082958-0bdf-41a8-ba96-b7329cd2cb78",
              "isHook": false,
              "skipped": false
            }
          ],
          "suites": [],
          "passes": [
            "11fb4131-8ba5-4554-bbc7-04c4a6c8c387",
            "9685f01e-b845-4d40-8984-b06458b0e8fb",
            "05fd324f-028f-4dd6-a68d-9350259617ac"
          ],
          "failures": [],
          "pending": [],
          "skipped": [],
          "duration": 23841,
          "root": false,
          "rootEmpty": false,
          "_timeout": 2000
        }
      ],
      "passes": [],
      "failures": [],
      "pending": [],
      "skipped": [],
      "duration": 0,
      "root": true,
      "rootEmpty": true,
      "_timeout": 2000
    }
  ],
  "meta": {
    "mocha": {
      "version": "7.0.1"
    },
    "mochawesome": {
      "options": {
        "quiet": false,
        "reportFilename": "mochawesome",
        "saveHtml": false,
        "saveJson": true,
        "consoleReporter": "spec",
        "useInlineDiffs": false,
        "code": true
      },
      "version": "6.2.1"
    },
    "marge": {
      "options": {
        "reportDir": "cypress/results/json",
        "overwrite": false,
        "html": false,
        "json": true,
        "reportTitle": "Front end tests"
      },
      "version": "5.1.0"
    }
  }
}